
> and-web-components@ start:demo /app
> pnpm build:stencil && pnpm build:motion && pnpm build:layout && pnpm -C packages/angular-workspace start


> and-web-components@ build:stencil /app
> pnpm build:headless && pnpm build:icons && pnpm -C packages/stencil-library build


> and-web-components@ build:headless /app
> pnpm -C packages/headless-core build


> @andersseen/headless-core@0.1.0 build /app/packages/headless-core
> rm -rf dist dist-cjs && tsc && tsc -p tsconfig.cjs.json


> and-web-components@ build:icons /app
> pnpm -C packages/icon-library build


> @andersseen/icon-library@0.0.1 build /app/packages/icon-library
> tsc


> @andersseen/stencil-library@0.0.1 build /app/packages/stencil-library
> stencil build

[2m[43:43.6][22m  [36m@stencil/core[39m
[2m[43:44.3][22m  [36mv4.42.0[39m 🚑
[2m[43:46.9][22m  build, stencil-library, prod mode, started [2m...[22m
[2m[43:46.9][22m  transpile started [2m...[22m
[2m[43:50.2][22m  transpile finished [2min 3.31 s[22m
[2m[43:50.5][22m  generate custom elements started [2m...[22m
[2m[43:50.5][22m  generate lazy started [2m...[22m
[2m[43:55.8][22m  generate custom elements finished [2min 5.35 s[22m
[2m[43:55.8][22m  generate lazy finished [2min 5.35 s[22m
[2m[43:55.8][22m  copy started [2m...[22m
[2m[43:55.9][22m  generating angular-library started [2m...[22m
[2m[43:55.9][22m  updated readme docs: and-accordion
[2m[43:55.9][22m  updated readme docs: and-accordion-content
[2m[43:55.9][22m  updated readme docs: and-accordion-item
[2m[43:55.9][22m  updated readme docs: and-accordion-trigger
[2m[43:55.9][22m  updated readme docs: and-carousel
[2m[43:55.9][22m  updated readme docs: and-carousel-item
[2m[43:55.9][22m  updated readme docs: and-tabs
[2m[43:55.9][22m  updated readme docs: and-tabs-content
[2m[43:55.9][22m  updated readme docs: and-tabs-list
[2m[43:55.9][22m  updated readme docs: and-tabs-trigger
[2m[43:55.9][22m  copy finished (0 files) [2min 79 ms[22m
[2m[43:55.9][22m  generate angular-library finished [2min 14 ms[22m
[2m[43:56.0][22m  [1m[32mbuild finished[39m[22m [2min 9.11 s[22m


> and-web-components@ build:motion /app
> pnpm -C packages/motion-core build


> @andersseen/motion-core@0.1.0 build /app/packages/motion-core
> rm -rf dist dist-cjs && tsc && tsc -p tsconfig.cjs.json && cp src/core.css dist/style.css


> and-web-components@ build:layout /app
> pnpm -C packages/and-layout build


> @andersseen/and-layout@0.0.1 build /app/packages/and-layout
> sass src/index.scss dist/and-layout.css && sass src/index.scss dist/and-layout.min.css --style compressed


> angular-workspace@0.0.0 start /app/packages/angular-workspace
> ng serve

❯ Building...
✔ Building...
Initial chunk files                  | Names                    |  Raw size
chunk-MX5FCQ4U.js                    | -                        | 869.37 kB |
styles.css                           | styles                   | 207.65 kB |
main.js                              | main                     |  21.04 kB |
chunk-RA6QM5MM.js                    | -                        |  13.02 kB |
chunk-WDMUDEB6.js                    | -                        |   1.93 kB |
polyfills.js                         | polyfills                |  95 bytes |

                                     | Initial total            |   1.11 MB

Lazy chunk files                     | Names                    |  Raw size
chunk-YNRVRO4G.js                    | -                        |  26.19 kB |
drawer-headless-demo-MFQALRJN.js     | drawer-headless-demo     |  25.66 kB |
tooltip-headless-demo-SIFZCT2S.js    | tooltip-headless-demo    |  25.06 kB |
attribute-demo.component-TVVSWGGM.js | attribute-demo-component |  24.71 kB |
overview-demo-GCVKSQZ5.js            | overview-demo            |  24.35 kB |
dropdown-headless-demo-4FJ6ULA2.js   | dropdown-headless-demo   |  23.07 kB |
tabs-headless-demo-3UPUKKNQ.js       | tabs-headless-demo       |  22.94 kB |
icons-demo.component-IA42Z6GQ.js     | icons-demo-component     |  21.97 kB |
modal-headless-demo-CRM4GBNT.js      | modal-headless-demo      |  21.64 kB |
toast-headless-demo-BEGKNIO2.js      | toast-headless-demo      |  20.48 kB |
button-headless-demo-4LZPAPEZ.js     | button-headless-demo     |  19.98 kB |
sidebar-headless-demo-HMDQSTZ7.js    | sidebar-headless-demo    |  19.65 kB |
alert-headless-demo-AUSKMLGE.js      | alert-headless-demo      |  19.30 kB |
accordion-headless-demo-FYYNLYWO.js  | accordion-headless-demo  |  16.87 kB |
navbar-headless-demo-PB4WXNP4.js     | navbar-headless-demo     |  16.29 kB |
...and 17 more lazy chunks files. Use "--verbose" to show all the files.

Application bundle generation complete. [5.919 seconds] - 2026-02-20T22:44:10.012Z

Watch mode enabled. Watching for file changes...
NOTE: Raw file sizes do not reflect development server per-request transformations.
  ➜  Local:   http://localhost:4200/
